<?xml version="1.0" encoding="UTF-8"?>
<!-- Generated by org.testng.reporters.JUnitXMLReporter -->
<testsuite ignored="0" hostname="Lenovo-PC" failures="0" tests="14" name="Default test" time="22.685" errors="0" timestamp="2023-07-21T15:10:28 IST">
  <testcase classname="api.test.UserTest" name="createUser" time="7.641"/>
  <testcase classname="api.test.UserTest" name="ViewUser" time="1.079"/>
  <testcase classname="api.test.UserTest" name="updatingUser" time="0.66"/>
  <testcase classname="api.test.UserTest" name="deletingUser" time="0.753"/>
  <testcase classname="api.test.UserTest" name="getAllUsers" time="0.724"/>
  <testcase classname="api.test.DDTest" name="testPostUser" time="0.851"/>
  <testcase classname="api.test.DDTest" name="testPostUser" time="0.651"/>
  <testcase classname="api.test.DDTest" name="testPostUser" time="0.662"/>
  <testcase classname="api.test.DDTest" name="testPostUser" time="0.722"/>
  <testcase classname="api.test.UserTest2" name="createUser" time="0.774"/>
  <testcase classname="api.test.UserTest2" name="ViewUser" time="0.838"/>
  <testcase classname="api.test.UserTest2" name="updatingUser" time="1.196"/>
  <testcase classname="api.test.UserTest2" name="deletingUser" time="0.942"/>
  <testcase classname="api.test.UserTest2" name="getAllUsers" time="0.948"/>
</testsuite> <!-- Default test -->
