<?xml version="1.0" encoding="UTF-8"?>
<!-- Generated by org.testng.reporters.JUnitXMLReporter -->
<testsuite ignored="0" hostname="Lenovo-PC" failures="0" tests="3" name="Default test" time="13.273" errors="0" timestamp="2023-07-20T23:00:58 IST">
  <testcase classname="api.test.UserTest" name="createUser" time="7.006"/>
  <testcase classname="api.test.UserTest" name="ViewUser" time="1.402"/>
  <testcase classname="api.test.UserTest" name="updatingUser" time="4.24"/>
</testsuite> <!-- Default test -->
