<?xml version="1.0" encoding="UTF-8"?>
<!-- Generated by org.testng.reporters.JUnitXMLReporter -->
<testsuite ignored="0" hostname="Lenovo-PC" failures="0" tests="5" name="Test" time="9.797" errors="0" timestamp="2023-07-20T23:15:13 IST">
  <testcase classname="api.test.UserTest" name="createUser" time="6.194"/>
  <testcase classname="api.test.UserTest" name="ViewUser" time="1.187"/>
  <testcase classname="api.test.UserTest" name="updatingUser" time="0.615"/>
  <testcase classname="api.test.UserTest" name="deletingUser" time="0.582"/>
  <testcase classname="api.test.UserTest" name="getAllUsers" time="0.585"/>
</testsuite> <!-- Test -->
