<?xml version="1.0" encoding="UTF-8"?>
<!-- Generated by org.testng.reporters.JUnitXMLReporter -->
<testsuite ignored="0" hostname="Lenovo-PC" failures="0" tests="10" name="GoRestApiTest" time="13.191" errors="0" timestamp="2023-07-21T17:58:08 IST">
  <testcase classname="api.test.UserTest" name="createUser" time="5.135"/>
  <testcase classname="api.test.UserTest" name="ViewUser" time="1.158"/>
  <testcase classname="api.test.UserTest" name="updatingUser" time="0.611"/>
  <testcase classname="api.test.UserTest" name="deletingUser" time="0.553"/>
  <testcase classname="api.test.UserTest" name="getAllUsers" time="0.544"/>
  <testcase classname="api.test.UserTest2" name="createUser" time="0.62"/>
  <testcase classname="api.test.UserTest2" name="ViewUser" time="0.573"/>
  <testcase classname="api.test.UserTest2" name="updatingUser" time="0.547"/>
  <testcase classname="api.test.UserTest2" name="deletingUser" time="0.496"/>
  <testcase classname="api.test.UserTest2" name="getAllUsers" time="0.531"/>
</testsuite> <!-- GoRestApiTest -->
