<?xml version="1.0" encoding="UTF-8"?>
<!-- Generated by org.testng.reporters.JUnitXMLReporter -->
<testsuite ignored="0" hostname="Lenovo-PC" failures="0" tests="5" name="GoRestApiTest" time="12.59" errors="0" timestamp="2023-07-21T01:24:56 IST">
  <testcase classname="api.test.UserTest" name="createUser" time="6.623"/>
  <testcase classname="api.test.UserTest" name="ViewUser" time="0.627"/>
  <testcase classname="api.test.UserTest" name="updatingUser" time="0.674"/>
  <testcase classname="api.test.UserTest" name="deletingUser" time="0.631"/>
  <testcase classname="api.test.UserTest" name="getAllUsers" time="0.541"/>
</testsuite> <!-- GoRestApiTest -->
