<?xml version="1.0" encoding="UTF-8"?>
<testsuite xmlns:xsi="http://www.w3.org/2001/XMLSchema-instance" xsi:noNamespaceSchemaLocation="https://maven.apache.org/surefire/maven-surefire-plugin/xsd/surefire-test-report-3.0.xsd" version="3.0" name="TestSuite" time="54.674" tests="14" errors="0" skipped="0" failures="0">
  <properties>
[...]
</properties>
  <testcase name="createUser[org.testng.TestRunner@5111de7c](1)" classname="api.test.UserTest" time="9.158">
    <system-out><![CDATA[HTTP/1.1 201 Created
Date: Fri, 21 Jul 2023 09:49:55 GMT
Content-Type: application/json; charset=utf-8
Transfer-Encoding: chunked
Connection: keep-alive
Cache-Control: max-age=0, private, must-revalidate
etag: W/"e12303460a74df2d8d6fa6b35ecbc752"
location: https://gorest.co.in/public/v2/users/3818872
referrer-policy: strict-origin-when-cross-origin
vary: Origin
x-content-type-options: nosniff
x-download-options: noopen
x-frame-options: SAMEORIGIN
x-permitted-cross-domain-policies: none
x-ratelimit-limit: 90
x-ratelimit-remaining: 89
x-ratelimit-reset: 1
x-request-id: 7eb93bb1-1956-48f8-b424-470c1aec0d78
x-runtime: 0.062231
x-xss-protection: 0
CF-Cache-Status: DYNAMIC
Report-To: {"endpoints":[{"url":"https:\/\/a.nel.cloudflare.com\/report\/v3?s=IEFxoi%2FmTr8vX6tbHrHOC5kG%2BXJTRZPGYYSpNXn94aNB4jDJJ2%2FVUuEIfgMs8xngh41dBlHT3TW2mvSdzZP95XkfEi765i%2BNc4acAwTFcwEhKiCPpLoWL2kmvmjEA4w%3D"}],"group":"cf-nel","max_age":604800}
NEL: {"success_fraction":0,"report_to":"cf-nel","max_age":604800}
Server: cloudflare
CF-RAY: 7ea28967eeba406f-BOM
alt-svc: h3=":443"; ma=86400

{
    "id": 3818872,
    "name": "Velma Shanahan",
    "email": "shirley.lang@example.com",
    "gender": "male",
    "status": "inactive"
}
generated id is  3818872
]]></system-out>
    <system-err><![CDATA[SLF4J: Failed to load class "org.slf4j.impl.StaticLoggerBinder".
SLF4J: Defaulting to no-operation (NOP) logger implementation
SLF4J: See http://www.slf4j.org/codes.html#StaticLoggerBinder for further details.
]]></system-err>
  </testcase>
  <testcase name="ViewUser[org.testng.TestRunner@5111de7c](1)" classname="api.test.UserTest" time="2.898">
    <system-out><![CDATA[this is the id we get from context  3818872
{
    "id": 3818872,
    "name": "Velma Shanahan",
    "email": "shirley.lang@example.com",
    "gender": "male",
    "status": "inactive"
}
]]></system-out>
  </testcase>
  <testcase name="updatingUser[org.testng.TestRunner@5111de7c](1)" classname="api.test.UserTest" time="14.491">
    <system-out><![CDATA[this is the id we get from context  3818872
{
    "email": "jaunita.klein@example.com",
    "name": "Cher Sanford IV",
    "gender": "male",
    "status": "active",
    "id": 3818872
}
]]></system-out>
  </testcase>
  <testcase name="deletingUser[org.testng.TestRunner@5111de7c](1)" classname="api.test.UserTest" time="5.285">
    <system-out><![CDATA[this is the id we get from context  3818872

]]></system-out>
  </testcase>
  <testcase name="getAllUsers[org.testng.TestRunner@5111de7c](1)" classname="api.test.UserTest" time="0.716">
    <system-out><![CDATA[[
    {
        "id": 3818735,
        "name": "testuser4",
        "email": "user498988hhjkhjbkjjjj@a.com",
        "gender": "female",
        "status": "inactive"
    },
    {
        "id": 3818734,
        "name": "testuser3",
        "email": "user32343948fdjjfhqwioo@g.com",
        "gender": "female",
        "status": "active"
    },
    {
        "id": 3818733,
        "name": "testuser2",
        "email": "user2345egdgfgfghjslk@l.com",
        "gender": "male",
        "status": "active"
    },
    {
        "id": 3818732,
        "name": "testuser1",
        "email": "user1112233qqqghgg@x.com",
        "gender": "male",
        "status": "inactive"
    },
    {
        "id": 3818556,
        "name": "user1",
        "email": "user1fhhgjghhgjkhk@gmail.com",
        "gender": "male",
        "status": "inactive"
    },
    {
        "id": 3810904,
        "name": "Krishnadasa Naik",
        "email": "naik_krishnadasa@kessler.example",
        "gender": "male",
        "status": "inactive"
    },
    {
        "id": 3810903,
        "name": "Girish Prajapat",
        "email": "prajapat_girish@marks-mayert.example",
        "gender": "female",
        "status": "inactive"
    },
    {
        "id": 3810902,
        "name": "Rudra Agarwal",
        "email": "agarwal_rudra@wilderman.example",
        "gender": "male",
        "status": "inactive"
    },
    {
        "id": 3810901,
        "name": "Malati Kakkar",
        "email": "kakkar_malati@marks-koelpin.test",
        "gender": "female",
        "status": "inactive"
    },
    {
        "id": 3810900,
        "name": "Prayag Ganaka",
        "email": "prayag_ganaka@roob-ortiz.example",
        "gender": "female",
        "status": "active"
    }
]
]]></system-out>
  </testcase>
  <testcase name="createUser[org.testng.TestRunner@5111de7c](1)" classname="api.test.UserTest2" time="2.724">
    <system-out><![CDATA[HTTP/1.1 201 Created
Date: Fri, 21 Jul 2023 09:50:22 GMT
Content-Type: application/json; charset=utf-8
Transfer-Encoding: chunked
Connection: keep-alive
Cache-Control: max-age=0, private, must-revalidate
etag: W/"deca9711ee7d212e2a6546dd38dadcfd"
location: https://gorest.co.in/public/v2/users/3818876
referrer-policy: strict-origin-when-cross-origin
vary: Origin
x-content-type-options: nosniff
x-download-options: noopen
x-frame-options: SAMEORIGIN
x-permitted-cross-domain-policies: none
x-ratelimit-limit: 90
x-ratelimit-remaining: 89
x-ratelimit-reset: 1
x-request-id: 26f789a1-b527-452c-8dda-0fc9df6d43ef
x-runtime: 0.060069
x-xss-protection: 0
CF-Cache-Status: DYNAMIC
Report-To: {"endpoints":[{"url":"https:\/\/a.nel.cloudflare.com\/report\/v3?s=BbmzZnfxvtqX%2BVix6ZkIzStQl848QweKyMw9U7SnDD2d0VdhgAHXWtnzI%2F9Ztu%2F37L%2Fvj%2BOBm0wAfCDG1Rdyy6HPIeLlBoX%2Bs%2Bqm%2FC71%2FckLPNO%2FT03O2pb%2B3oO%2BqDA%3D"}],"group":"cf-nel","max_age":604800}
NEL: {"success_fraction":0,"report_to":"cf-nel","max_age":604800}
Server: cloudflare
CF-RAY: 7ea28a0fabb141b3-BOM
alt-svc: h3=":443"; ma=86400

{
    "id": 3818876,
    "name": "Ryan Ortiz",
    "email": "marielle.toy@example.com",
    "gender": "male",
    "status": "inactive"
}
generated id is  3818876
]]></system-out>
  </testcase>
  <testcase name="ViewUser[org.testng.TestRunner@5111de7c](1)" classname="api.test.UserTest2" time="1.45">
    <system-out><![CDATA[this is the id we get from context  3818876
{
    "id": 3818876,
    "name": "Ryan Ortiz",
    "email": "marielle.toy@example.com",
    "gender": "male",
    "status": "inactive"
}
]]></system-out>
  </testcase>
  <testcase name="updatingUser[org.testng.TestRunner@5111de7c](1)" classname="api.test.UserTest2" time="1.141">
    <system-out><![CDATA[this is the id we get from context  3818876
{
    "email": "bryant.barton@example.com",
    "name": "Ron Beier",
    "gender": "male",
    "status": "active",
    "id": 3818876
}
]]></system-out>
  </testcase>
  <testcase name="deletingUser[org.testng.TestRunner@5111de7c](1)" classname="api.test.UserTest2" time="1.759">
    <system-out><![CDATA[this is the id we get from context  3818876

]]></system-out>
  </testcase>
  <testcase name="getAllUsers[org.testng.TestRunner@5111de7c](1)" classname="api.test.UserTest2" time="2.348">
    <system-out><![CDATA[[
    {
        "id": 3818735,
        "name": "testuser4",
        "email": "user498988hhjkhjbkjjjj@a.com",
        "gender": "female",
        "status": "inactive"
    },
    {
        "id": 3818734,
        "name": "testuser3",
        "email": "user32343948fdjjfhqwioo@g.com",
        "gender": "female",
        "status": "active"
    },
    {
        "id": 3818733,
        "name": "testuser2",
        "email": "user2345egdgfgfghjslk@l.com",
        "gender": "male",
        "status": "active"
    },
    {
        "id": 3818732,
        "name": "testuser1",
        "email": "user1112233qqqghgg@x.com",
        "gender": "male",
        "status": "inactive"
    },
    {
        "id": 3818556,
        "name": "user1",
        "email": "user1fhhgjghhgjkhk@gmail.com",
        "gender": "male",
        "status": "inactive"
    },
    {
        "id": 3810904,
        "name": "Krishnadasa Naik",
        "email": "naik_krishnadasa@kessler.example",
        "gender": "male",
        "status": "inactive"
    },
    {
        "id": 3810903,
        "name": "Girish Prajapat",
        "email": "prajapat_girish@marks-mayert.example",
        "gender": "female",
        "status": "inactive"
    },
    {
        "id": 3810902,
        "name": "Rudra Agarwal",
        "email": "agarwal_rudra@wilderman.example",
        "gender": "male",
        "status": "inactive"
    },
    {
        "id": 3810901,
        "name": "Malati Kakkar",
        "email": "kakkar_malati@marks-koelpin.test",
        "gender": "female",
        "status": "inactive"
    },
    {
        "id": 3810900,
        "name": "Prayag Ganaka",
        "email": "prayag_ganaka@roob-ortiz.example",
        "gender": "female",
        "status": "active"
    }
]
]]></system-out>
  </testcase>
  <testcase name="testPostUser[testuser1, user111223qqghgg@x.com, Male, inactive](1)" classname="api.test.DDTest" time="3.3">
    <system-out><![CDATA[{
    "id": 3818877,
    "name": "testuser1",
    "email": "user111223qqghgg@x.com",
    "gender": "male",
    "status": "inactive"
}
]]></system-out>
  </testcase>
  <testcase name="testPostUser[testuser2, user2345egdgfgfghj@l.com, Male, active](2)" classname="api.test.DDTest" time="1.511">
    <system-out><![CDATA[{
    "id": 3818878,
    "name": "testuser2",
    "email": "user2345egdgfgfghj@l.com",
    "gender": "male",
    "status": "active"
}
]]></system-out>
  </testcase>
  <testcase name="testPostUser[testuser3, user32343948fdjjfhoo@g.com, Female, active](3)" classname="api.test.DDTest" time="0.796">
    <system-out><![CDATA[{
    "id": 3818879,
    "name": "testuser3",
    "email": "user32343948fdjjfhoo@g.com",
    "gender": "female",
    "status": "active"
}
]]></system-out>
  </testcase>
  <testcase name="testPostUser[testuser4, user498988hhjkhjbkjj@a.com, Female, inactive](4)" classname="api.test.DDTest" time="1.401">
    <system-out><![CDATA[{
    "id": 3818880,
    "name": "testuser4",
    "email": "user498988hhjkhjbkjj@a.com",
    "gender": "female",
    "status": "inactive"
}
]]></system-out>
  </testcase>
</testsuite>