<?xml version="1.0" encoding="UTF-8"?>
<testsuite xmlns:xsi="http://www.w3.org/2001/XMLSchema-instance" xsi:noNamespaceSchemaLocation="https://maven.apache.org/surefire/maven-surefire-plugin/xsd/surefire-test-report-3.0.xsd" version="3.0" name="TestSuite" time="25.248" tests="5" errors="0" skipped="0" failures="0">
  <properties>
[...]
</properties>
  <testcase name="createUser[org.testng.TestRunner@10b8b900](1)" classname="api.test.UserTest" time="13.955">
    <system-out><![CDATA[HTTP/1.1 201 Created
Date: Thu, 20 Jul 2023 23:14:36 GMT
Content-Type: application/json; charset=utf-8
Transfer-Encoding: chunked
Connection: keep-alive
Cache-Control: max-age=0, private, must-revalidate
etag: W/"da59f1b36c5b90112871d1b8aaaa5ca1"
location: https://gorest.co.in/public/v2/users/3809329
referrer-policy: strict-origin-when-cross-origin
vary: Origin
x-content-type-options: nosniff
x-download-options: noopen
x-frame-options: SAMEORIGIN
x-permitted-cross-domain-policies: none
x-ratelimit-limit: 90
x-ratelimit-remaining: 86
x-ratelimit-reset: 1
x-request-id: 0d590450-5326-4d79-961e-f3cd4c1c5a32
x-runtime: 0.055850
x-xss-protection: 0
CF-Cache-Status: DYNAMIC
Report-To: {"endpoints":[{"url":"https:\/\/a.nel.cloudflare.com\/report\/v3?s=xAbcS4%2B06lolyZn2lrXfpI9meuwcOcEt08DGaXQ9Z705d6ncmnTH0HIT141jwOaTSUbPq1SBF5tvnTKmcyxFl2B9FXSncRiuweuMp4gwExZG315Wly3ERJGVrzY81NI%3D"}],"group":"cf-nel","max_age":604800}
NEL: {"success_fraction":0,"report_to":"cf-nel","max_age":604800}
Server: cloudflare
CF-RAY: 7e9ee6c118981bd0-BOM
alt-svc: h3=":443"; ma=86400

{
    "id": 3809329,
    "name": "Thomasena Crist",
    "email": "orpha.goodwin@example.com",
    "gender": "male",
    "status": "inactive"
}
generated id is  3809329
]]></system-out>
    <system-err><![CDATA[SLF4J: Failed to load class "org.slf4j.impl.StaticLoggerBinder".
SLF4J: Defaulting to no-operation (NOP) logger implementation
SLF4J: See http://www.slf4j.org/codes.html#StaticLoggerBinder for further details.
]]></system-err>
  </testcase>
  <testcase name="ViewUser[org.testng.TestRunner@10b8b900](1)" classname="api.test.UserTest" time="0.637">
    <system-out><![CDATA[this is the id we get from context  3809329
{
    "id": 3809329,
    "name": "Thomasena Crist",
    "email": "orpha.goodwin@example.com",
    "gender": "male",
    "status": "inactive"
}
]]></system-out>
  </testcase>
  <testcase name="updatingUser[org.testng.TestRunner@10b8b900](1)" classname="api.test.UserTest" time="0.687">
    <system-out><![CDATA[this is the id we get from context  3809329
{
    "email": "sirena.kiehn@example.com",
    "name": "Dr. Mitchell DuBuque",
    "gender": "male",
    "status": "active",
    "id": 3809329
}
]]></system-out>
  </testcase>
  <testcase name="deletingUser[org.testng.TestRunner@10b8b900](1)" classname="api.test.UserTest" time="0.603">
    <system-out><![CDATA[this is the id we get from context  3809329

]]></system-out>
  </testcase>
  <testcase name="getAllUsers[org.testng.TestRunner@10b8b900](1)" classname="api.test.UserTest" time="0.674">
    <system-out><![CDATA[[
    {
        "id": 3804541,
        "name": "Fallon Quitzon",
        "email": "corinne.gulgowski@example.com",
        "gender": "male",
        "status": "active"
    },
    {
        "id": 3804521,
        "name": "Camille Macejkovic",
        "email": "cris.streich@example.com",
        "gender": "male",
        "status": "active"
    },
    {
        "id": 3804397,
        "name": "Beau Gutmann",
        "email": "dona.tromp@example.com",
        "gender": "male",
        "status": "active"
    },
    {
        "id": 3804358,
        "name": "Efrain Jerde",
        "email": "moira.rath@example.com",
        "gender": "male",
        "status": "inactive"
    },
    {
        "id": 3804341,
        "name": "Deborah Botsford",
        "email": "alphonse.konopelski@example.com",
        "gender": "male",
        "status": "inactive"
    },
    {
        "id": 3804330,
        "name": "Meridith Lindgren I",
        "email": "stephan.jacobi@example.com",
        "gender": "male",
        "status": "inactive"
    },
    {
        "id": 3804303,
        "name": "Mrs. Cleo VonRueden",
        "email": "guy.kozey@example.com",
        "gender": "male",
        "status": "inactive"
    },
    {
        "id": 3804141,
        "name": "Honey Olson",
        "email": "chris.jacobson@example.com",
        "gender": "male",
        "status": "inactive"
    },
    {
        "id": 3804121,
        "name": "Miss Maximo Dach",
        "email": "mel.ferry@example.com",
        "gender": "male",
        "status": "inactive"
    },
    {
        "id": 3804003,
        "name": "Maxwell Gislason",
        "email": "sachiko.walsh@example.com",
        "gender": "male",
        "status": "inactive"
    }
]
]]></system-out>
  </testcase>
</testsuite>