<?xml version="1.0" encoding="UTF-8"?>
<testng-results ignored="0" total="5" passed="5" failed="0" skipped="0">
  <reporter-output>
  </reporter-output>
  <suite started-at="2023-07-21T04:44:05 IST" name="GoRestApiSuite" finished-at="2023-07-21T04:44:28 IST" duration-ms="22119">
    <groups>
    </groups>
    <test started-at="2023-07-21T04:44:05 IST" name="GoRestApiTest" finished-at="2023-07-21T04:44:28 IST" duration-ms="22119">
      <class name="api.test.UserTest">
        <test-method is-config="true" signature="setUp()[pri:0, instance:api.test.UserTest@f09733f]" started-at="2023-07-21T04:44:06 IST" name="setUp" finished-at="2023-07-21T04:44:11 IST" duration-ms="4587" status="PASS">
          <reporter-output>
          </reporter-output>
        </test-method> <!-- setUp -->
        <test-method signature="createUser(org.testng.ITestContext)[pri:1, instance:api.test.UserTest@f09733f]" started-at="2023-07-21T04:44:11 IST" name="createUser" finished-at="2023-07-21T04:44:25 IST" duration-ms="13911" status="PASS">
          <params>
            <param index="0">
              <value>
                <![CDATA[org.testng.TestRunner@10b8b900]]>
              </value>
            </param>
          </params>
          <reporter-output>
          </reporter-output>
        </test-method> <!-- createUser -->
        <test-method signature="ViewUser(org.testng.ITestContext)[pri:2, instance:api.test.UserTest@f09733f]" started-at="2023-07-21T04:44:25 IST" name="ViewUser" finished-at="2023-07-21T04:44:26 IST" duration-ms="636" status="PASS">
          <params>
            <param index="0">
              <value>
                <![CDATA[org.testng.TestRunner@10b8b900]]>
              </value>
            </param>
          </params>
          <reporter-output>
          </reporter-output>
        </test-method> <!-- ViewUser -->
        <test-method signature="updatingUser(org.testng.ITestContext)[pri:3, instance:api.test.UserTest@f09733f]" started-at="2023-07-21T04:44:26 IST" name="updatingUser" finished-at="2023-07-21T04:44:26 IST" duration-ms="681" status="PASS">
          <params>
            <param index="0">
              <value>
                <![CDATA[org.testng.TestRunner@10b8b900]]>
              </value>
            </param>
          </params>
          <reporter-output>
          </reporter-output>
        </test-method> <!-- updatingUser -->
        <test-method signature="deletingUser(org.testng.ITestContext)[pri:4, instance:api.test.UserTest@f09733f]" started-at="2023-07-21T04:44:26 IST" name="deletingUser" finished-at="2023-07-21T04:44:27 IST" duration-ms="600" status="PASS">
          <params>
            <param index="0">
              <value>
                <![CDATA[org.testng.TestRunner@10b8b900]]>
              </value>
            </param>
          </params>
          <reporter-output>
          </reporter-output>
        </test-method> <!-- deletingUser -->
        <test-method signature="getAllUsers(org.testng.ITestContext)[pri:5, instance:api.test.UserTest@f09733f]" started-at="2023-07-21T04:44:27 IST" name="getAllUsers" finished-at="2023-07-21T04:44:28 IST" duration-ms="633" status="PASS">
          <params>
            <param index="0">
              <value>
                <![CDATA[org.testng.TestRunner@10b8b900]]>
              </value>
            </param>
          </params>
          <reporter-output>
          </reporter-output>
        </test-method> <!-- getAllUsers -->
      </class> <!-- api.test.UserTest -->
    </test> <!-- GoRestApiTest -->
  </suite> <!-- GoRestApiSuite -->
</testng-results>
