<?xml version="1.0" encoding="UTF-8"?>
<testng-results ignored="0" total="14" passed="14" failed="0" skipped="0">
  <reporter-output>
  </reporter-output>
  <suite started-at="2023-07-21T15:40:33 IST" name="GoRestApiSuite" finished-at="2023-07-21T15:41:03 IST" duration-ms="30573">
    <groups>
    </groups>
    <test started-at="2023-07-21T15:40:33 IST" name="GoRestApiTest" finished-at="2023-07-21T15:41:03 IST" duration-ms="30573">
      <class name="api.test.UserTest">
        <test-method is-config="true" signature="setUp()[pri:0, instance:api.test.UserTest@2a265ea9]" started-at="2023-07-21T15:40:34 IST" name="setUp" finished-at="2023-07-21T15:40:37 IST" duration-ms="3018" status="PASS">
          <reporter-output>
          </reporter-output>
        </test-method> <!-- setUp -->
        <test-method signature="createUser(org.testng.ITestContext)[pri:1, instance:api.test.UserTest@2a265ea9]" started-at="2023-07-21T15:40:37 IST" name="createUser" finished-at="2023-07-21T15:40:46 IST" duration-ms="9510" status="PASS">
          <params>
            <param index="0">
              <value>
                <![CDATA[org.testng.TestRunner@476fde05]]>
              </value>
            </param>
          </params>
          <reporter-output>
          </reporter-output>
        </test-method> <!-- createUser -->
        <test-method signature="ViewUser(org.testng.ITestContext)[pri:2, instance:api.test.UserTest@2a265ea9]" started-at="2023-07-21T15:40:46 IST" name="ViewUser" finished-at="2023-07-21T15:40:48 IST" duration-ms="1648" status="PASS">
          <params>
            <param index="0">
              <value>
                <![CDATA[org.testng.TestRunner@476fde05]]>
              </value>
            </param>
          </params>
          <reporter-output>
          </reporter-output>
        </test-method> <!-- ViewUser -->
        <test-method signature="updatingUser(org.testng.ITestContext)[pri:3, instance:api.test.UserTest@2a265ea9]" started-at="2023-07-21T15:40:48 IST" name="updatingUser" finished-at="2023-07-21T15:40:50 IST" duration-ms="2419" status="PASS">
          <params>
            <param index="0">
              <value>
                <![CDATA[org.testng.TestRunner@476fde05]]>
              </value>
            </param>
          </params>
          <reporter-output>
          </reporter-output>
        </test-method> <!-- updatingUser -->
        <test-method signature="deletingUser(org.testng.ITestContext)[pri:4, instance:api.test.UserTest@2a265ea9]" started-at="2023-07-21T15:40:50 IST" name="deletingUser" finished-at="2023-07-21T15:40:51 IST" duration-ms="754" status="PASS">
          <params>
            <param index="0">
              <value>
                <![CDATA[org.testng.TestRunner@476fde05]]>
              </value>
            </param>
          </params>
          <reporter-output>
          </reporter-output>
        </test-method> <!-- deletingUser -->
        <test-method signature="getAllUsers(org.testng.ITestContext)[pri:5, instance:api.test.UserTest@2a265ea9]" started-at="2023-07-21T15:40:51 IST" name="getAllUsers" finished-at="2023-07-21T15:40:52 IST" duration-ms="1415" status="PASS">
          <params>
            <param index="0">
              <value>
                <![CDATA[org.testng.TestRunner@476fde05]]>
              </value>
            </param>
          </params>
          <reporter-output>
          </reporter-output>
        </test-method> <!-- getAllUsers -->
      </class> <!-- api.test.UserTest -->
      <class name="api.test.DDTest">
        <test-method signature="testPostUser(java.lang.String,java.lang.String,java.lang.String,java.lang.String)[pri:0, instance:api.test.DDTest@78e4deb0]" started-at="2023-07-21T15:41:01 IST" name="testPostUser" data-provider="Data" finished-at="2023-07-21T15:41:01 IST" duration-ms="749" status="PASS">
          <params>
            <param index="0">
              <value>
                <![CDATA[testuser1]]>
              </value>
            </param>
            <param index="1">
              <value>
                <![CDATA[user111223qqghrttfggy6dedg@x.com]]>
              </value>
            </param>
            <param index="2">
              <value>
                <![CDATA[Male]]>
              </value>
            </param>
            <param index="3">
              <value>
                <![CDATA[inactive]]>
              </value>
            </param>
          </params>
          <reporter-output>
          </reporter-output>
        </test-method> <!-- testPostUser -->
        <test-method signature="testPostUser(java.lang.String,java.lang.String,java.lang.String,java.lang.String)[pri:0, instance:api.test.DDTest@78e4deb0]" started-at="2023-07-21T15:41:01 IST" name="testPostUser" data-provider="Data" finished-at="2023-07-21T15:41:02 IST" duration-ms="579" status="PASS">
          <params>
            <param index="0">
              <value>
                <![CDATA[testuser2]]>
              </value>
            </param>
            <param index="1">
              <value>
                <![CDATA[user2345egdgfgfghrf6er4j@l.com]]>
              </value>
            </param>
            <param index="2">
              <value>
                <![CDATA[Male]]>
              </value>
            </param>
            <param index="3">
              <value>
                <![CDATA[active]]>
              </value>
            </param>
          </params>
          <reporter-output>
          </reporter-output>
        </test-method> <!-- testPostUser -->
        <test-method signature="testPostUser(java.lang.String,java.lang.String,java.lang.String,java.lang.String)[pri:0, instance:api.test.DDTest@78e4deb0]" started-at="2023-07-21T15:41:02 IST" name="testPostUser" data-provider="Data" finished-at="2023-07-21T15:41:03 IST" duration-ms="781" status="PASS">
          <params>
            <param index="0">
              <value>
                <![CDATA[testuser3]]>
              </value>
            </param>
            <param index="1">
              <value>
                <![CDATA[user32343948fdjjfhor444fr5o@g.com]]>
              </value>
            </param>
            <param index="2">
              <value>
                <![CDATA[Female]]>
              </value>
            </param>
            <param index="3">
              <value>
                <![CDATA[active]]>
              </value>
            </param>
          </params>
          <reporter-output>
          </reporter-output>
        </test-method> <!-- testPostUser -->
        <test-method signature="testPostUser(java.lang.String,java.lang.String,java.lang.String,java.lang.String)[pri:0, instance:api.test.DDTest@78e4deb0]" started-at="2023-07-21T15:41:03 IST" name="testPostUser" data-provider="Data" finished-at="2023-07-21T15:41:03 IST" duration-ms="779" status="PASS">
          <params>
            <param index="0">
              <value>
                <![CDATA[testuser4]]>
              </value>
            </param>
            <param index="1">
              <value>
                <![CDATA[user498988hhjkhjbke667ffrjj@a.com]]>
              </value>
            </param>
            <param index="2">
              <value>
                <![CDATA[Female]]>
              </value>
            </param>
            <param index="3">
              <value>
                <![CDATA[inactive]]>
              </value>
            </param>
          </params>
          <reporter-output>
          </reporter-output>
        </test-method> <!-- testPostUser -->
      </class> <!-- api.test.DDTest -->
      <class name="api.test.UserTest2">
        <test-method is-config="true" signature="setUp()[pri:0, instance:api.test.UserTest2@5b1669c0]" started-at="2023-07-21T15:40:52 IST" name="setUp" finished-at="2023-07-21T15:40:53 IST" duration-ms="113" status="PASS">
          <reporter-output>
          </reporter-output>
        </test-method> <!-- setUp -->
        <test-method signature="createUser(org.testng.ITestContext)[pri:1, instance:api.test.UserTest2@5b1669c0]" started-at="2023-07-21T15:40:53 IST" name="createUser" finished-at="2023-07-21T15:40:54 IST" duration-ms="1643" status="PASS">
          <params>
            <param index="0">
              <value>
                <![CDATA[org.testng.TestRunner@476fde05]]>
              </value>
            </param>
          </params>
          <reporter-output>
          </reporter-output>
        </test-method> <!-- createUser -->
        <test-method signature="ViewUser(org.testng.ITestContext)[pri:2, instance:api.test.UserTest2@5b1669c0]" started-at="2023-07-21T15:40:54 IST" name="ViewUser" finished-at="2023-07-21T15:40:55 IST" duration-ms="590" status="PASS">
          <params>
            <param index="0">
              <value>
                <![CDATA[org.testng.TestRunner@476fde05]]>
              </value>
            </param>
          </params>
          <reporter-output>
          </reporter-output>
        </test-method> <!-- ViewUser -->
        <test-method signature="updatingUser(org.testng.ITestContext)[pri:3, instance:api.test.UserTest2@5b1669c0]" started-at="2023-07-21T15:40:55 IST" name="updatingUser" finished-at="2023-07-21T15:40:56 IST" duration-ms="718" status="PASS">
          <params>
            <param index="0">
              <value>
                <![CDATA[org.testng.TestRunner@476fde05]]>
              </value>
            </param>
          </params>
          <reporter-output>
          </reporter-output>
        </test-method> <!-- updatingUser -->
        <test-method signature="deletingUser(org.testng.ITestContext)[pri:4, instance:api.test.UserTest2@5b1669c0]" started-at="2023-07-21T15:40:56 IST" name="deletingUser" finished-at="2023-07-21T15:40:57 IST" duration-ms="1412" status="PASS">
          <params>
            <param index="0">
              <value>
                <![CDATA[org.testng.TestRunner@476fde05]]>
              </value>
            </param>
          </params>
          <reporter-output>
          </reporter-output>
        </test-method> <!-- deletingUser -->
        <test-method signature="getAllUsers(org.testng.ITestContext)[pri:5, instance:api.test.UserTest2@5b1669c0]" started-at="2023-07-21T15:40:57 IST" name="getAllUsers" finished-at="2023-07-21T15:40:58 IST" duration-ms="708" status="PASS">
          <params>
            <param index="0">
              <value>
                <![CDATA[org.testng.TestRunner@476fde05]]>
              </value>
            </param>
          </params>
          <reporter-output>
          </reporter-output>
        </test-method> <!-- getAllUsers -->
      </class> <!-- api.test.UserTest2 -->
    </test> <!-- GoRestApiTest -->
  </suite> <!-- GoRestApiSuite -->
</testng-results>
