<?xml version="1.0" encoding="UTF-8"?>
<testng-results ignored="0" total="10" passed="10" failed="0" skipped="0">
  <reporter-output>
  </reporter-output>
  <suite started-at="2023-07-21T17:57:55 IST" name="GoRestApiSuite" finished-at="2023-07-21T17:58:08 IST" duration-ms="13191">
    <groups>
    </groups>
    <test started-at="2023-07-21T17:57:55 IST" name="GoRestApiTest" finished-at="2023-07-21T17:58:08 IST" duration-ms="13191">
      <class name="api.test.UserTest">
        <test-method is-config="true" signature="setUp()[pri:0, instance:api.test.UserTest@7c24b813]" started-at="2023-07-21T17:57:56 IST" name="setUp" finished-at="2023-07-21T17:57:57 IST" duration-ms="1722" status="PASS">
          <reporter-output>
          </reporter-output>
        </test-method> <!-- setUp -->
        <test-method signature="createUser(org.testng.ITestContext)[pri:1, instance:api.test.UserTest@7c24b813]" started-at="2023-07-21T17:57:57 IST" name="createUser" finished-at="2023-07-21T17:58:02 IST" duration-ms="5135" status="PASS">
          <params>
            <param index="0">
              <value>
                <![CDATA[org.testng.TestRunner@33e4b9c4]]>
              </value>
            </param>
          </params>
          <reporter-output>
          </reporter-output>
        </test-method> <!-- createUser -->
        <test-method signature="ViewUser(org.testng.ITestContext)[pri:2, instance:api.test.UserTest@7c24b813]" started-at="2023-07-21T17:58:02 IST" name="ViewUser" finished-at="2023-07-21T17:58:04 IST" duration-ms="1158" status="PASS">
          <params>
            <param index="0">
              <value>
                <![CDATA[org.testng.TestRunner@33e4b9c4]]>
              </value>
            </param>
          </params>
          <reporter-output>
          </reporter-output>
        </test-method> <!-- ViewUser -->
        <test-method signature="updatingUser(org.testng.ITestContext)[pri:3, instance:api.test.UserTest@7c24b813]" started-at="2023-07-21T17:58:04 IST" name="updatingUser" finished-at="2023-07-21T17:58:04 IST" duration-ms="611" status="PASS">
          <params>
            <param index="0">
              <value>
                <![CDATA[org.testng.TestRunner@33e4b9c4]]>
              </value>
            </param>
          </params>
          <reporter-output>
          </reporter-output>
        </test-method> <!-- updatingUser -->
        <test-method signature="deletingUser(org.testng.ITestContext)[pri:4, instance:api.test.UserTest@7c24b813]" started-at="2023-07-21T17:58:04 IST" name="deletingUser" finished-at="2023-07-21T17:58:05 IST" duration-ms="553" status="PASS">
          <params>
            <param index="0">
              <value>
                <![CDATA[org.testng.TestRunner@33e4b9c4]]>
              </value>
            </param>
          </params>
          <reporter-output>
          </reporter-output>
        </test-method> <!-- deletingUser -->
        <test-method signature="getAllUsers(org.testng.ITestContext)[pri:5, instance:api.test.UserTest@7c24b813]" started-at="2023-07-21T17:58:05 IST" name="getAllUsers" finished-at="2023-07-21T17:58:05 IST" duration-ms="544" status="PASS">
          <params>
            <param index="0">
              <value>
                <![CDATA[org.testng.TestRunner@33e4b9c4]]>
              </value>
            </param>
          </params>
          <reporter-output>
          </reporter-output>
        </test-method> <!-- getAllUsers -->
      </class> <!-- api.test.UserTest -->
      <class name="api.test.UserTest2">
        <test-method is-config="true" signature="setUp()[pri:0, instance:api.test.UserTest2@4f2b503c]" started-at="2023-07-21T17:58:05 IST" name="setUp" finished-at="2023-07-21T17:58:05 IST" duration-ms="99" status="PASS">
          <reporter-output>
          </reporter-output>
        </test-method> <!-- setUp -->
        <test-method signature="createUser(org.testng.ITestContext)[pri:1, instance:api.test.UserTest2@4f2b503c]" started-at="2023-07-21T17:58:05 IST" name="createUser" finished-at="2023-07-21T17:58:06 IST" duration-ms="620" status="PASS">
          <params>
            <param index="0">
              <value>
                <![CDATA[org.testng.TestRunner@33e4b9c4]]>
              </value>
            </param>
          </params>
          <reporter-output>
          </reporter-output>
        </test-method> <!-- createUser -->
        <test-method signature="ViewUser(org.testng.ITestContext)[pri:2, instance:api.test.UserTest2@4f2b503c]" started-at="2023-07-21T17:58:06 IST" name="ViewUser" finished-at="2023-07-21T17:58:07 IST" duration-ms="573" status="PASS">
          <params>
            <param index="0">
              <value>
                <![CDATA[org.testng.TestRunner@33e4b9c4]]>
              </value>
            </param>
          </params>
          <reporter-output>
          </reporter-output>
        </test-method> <!-- ViewUser -->
        <test-method signature="updatingUser(org.testng.ITestContext)[pri:3, instance:api.test.UserTest2@4f2b503c]" started-at="2023-07-21T17:58:07 IST" name="updatingUser" finished-at="2023-07-21T17:58:07 IST" duration-ms="547" status="PASS">
          <params>
            <param index="0">
              <value>
                <![CDATA[org.testng.TestRunner@33e4b9c4]]>
              </value>
            </param>
          </params>
          <reporter-output>
          </reporter-output>
        </test-method> <!-- updatingUser -->
        <test-method signature="deletingUser(org.testng.ITestContext)[pri:4, instance:api.test.UserTest2@4f2b503c]" started-at="2023-07-21T17:58:07 IST" name="deletingUser" finished-at="2023-07-21T17:58:08 IST" duration-ms="496" status="PASS">
          <params>
            <param index="0">
              <value>
                <![CDATA[org.testng.TestRunner@33e4b9c4]]>
              </value>
            </param>
          </params>
          <reporter-output>
          </reporter-output>
        </test-method> <!-- deletingUser -->
        <test-method signature="getAllUsers(org.testng.ITestContext)[pri:5, instance:api.test.UserTest2@4f2b503c]" started-at="2023-07-21T17:58:08 IST" name="getAllUsers" finished-at="2023-07-21T17:58:08 IST" duration-ms="531" status="PASS">
          <params>
            <param index="0">
              <value>
                <![CDATA[org.testng.TestRunner@33e4b9c4]]>
              </value>
            </param>
          </params>
          <reporter-output>
          </reporter-output>
        </test-method> <!-- getAllUsers -->
      </class> <!-- api.test.UserTest2 -->
    </test> <!-- GoRestApiTest -->
  </suite> <!-- GoRestApiSuite -->
</testng-results>
