<?xml version="1.0" encoding="UTF-8"?>
<!-- Generated by org.testng.reporters.JUnitXMLReporter -->
<testsuite ignored="0" hostname="Lenovo-PC" failures="0" tests="14" name="GoRestApiTest" time="30.573" errors="0" timestamp="2023-07-21T15:41:04 IST">
  <testcase classname="api.test.UserTest" name="createUser" time="9.51"/>
  <testcase classname="api.test.UserTest" name="ViewUser" time="1.648"/>
  <testcase classname="api.test.UserTest" name="updatingUser" time="2.419"/>
  <testcase classname="api.test.UserTest" name="deletingUser" time="0.754"/>
  <testcase classname="api.test.UserTest" name="getAllUsers" time="1.415"/>
  <testcase classname="api.test.UserTest2" name="createUser" time="1.643"/>
  <testcase classname="api.test.UserTest2" name="ViewUser" time="0.59"/>
  <testcase classname="api.test.UserTest2" name="updatingUser" time="0.718"/>
  <testcase classname="api.test.UserTest2" name="deletingUser" time="1.412"/>
  <testcase classname="api.test.UserTest2" name="getAllUsers" time="0.708"/>
  <testcase classname="api.test.DDTest" name="testPostUser" time="0.749"/>
  <testcase classname="api.test.DDTest" name="testPostUser" time="0.579"/>
  <testcase classname="api.test.DDTest" name="testPostUser" time="0.781"/>
  <testcase classname="api.test.DDTest" name="testPostUser" time="0.779"/>
</testsuite> <!-- GoRestApiTest -->
