<?xml version="1.0" encoding="UTF-8"?>
<!-- Generated by org.testng.reporters.JUnitXMLReporter -->
<testsuite ignored="0" hostname="Lenovo-PC" failures="0" tests="10" name="GoRestApiTest" time="13.808" errors="0" timestamp="2023-07-21T17:58:57 IST">
  <testcase classname="api.test.UserTest" name="createUser" time="5.533"/>
  <testcase classname="api.test.UserTest" name="ViewUser" time="1.172"/>
  <testcase classname="api.test.UserTest" name="updatingUser" time="0.625"/>
  <testcase classname="api.test.UserTest" name="deletingUser" time="0.687"/>
  <testcase classname="api.test.UserTest" name="getAllUsers" time="0.641"/>
  <testcase classname="api.test.UserTest2" name="createUser" time="0.594"/>
  <testcase classname="api.test.UserTest2" name="ViewUser" time="0.54"/>
  <testcase classname="api.test.UserTest2" name="updatingUser" time="0.609"/>
  <testcase classname="api.test.UserTest2" name="deletingUser" time="0.515"/>
  <testcase classname="api.test.UserTest2" name="getAllUsers" time="0.609"/>
</testsuite> <!-- GoRestApiTest -->
